<?xml version="1.0" encoding="UTF-8"?>
<testng-results skipped="0" failed="0" total="1" passed="1">
  <reporter-output>
  </reporter-output>
  <suite name="Suite" duration-ms="22687" started-at="2019-07-26T03:08:12Z" finished-at="2019-07-26T03:08:34Z">
    <groups>
      <group name="cucumber">
        <method signature="AbstractTestNGCucumberTests.feature(cucumber.api.testng.CucumberFeatureWrapper)[pri:0, instance:runner.TestRunner@77b52d12]" name="feature" class="cucumber.api.testng.AbstractTestNGCucumberTests"/>
      </group> <!-- cucumber -->
    </groups>
    <test name="Test" duration-ms="22687" started-at="2019-07-26T03:08:12Z" finished-at="2019-07-26T03:08:34Z">
      <class name="runner.TestRunner">
        <test-method status="PASS" signature="setUpClass()[pri:0, instance:runner.TestRunner@77b52d12]" name="setUpClass" is-config="true" duration-ms="221" started-at="2019-07-26T08:38:12Z" finished-at="2019-07-26T08:38:12Z">
          <reporter-output>
          </reporter-output>
        </test-method> <!-- setUpClass -->
        <test-method status="PASS" signature="feature(cucumber.api.testng.CucumberFeatureWrapper)[pri:0, instance:runner.TestRunner@77b52d12]" name="feature" duration-ms="22375" started-at="2019-07-26T08:38:12Z" description="Runs Cucumber Feature" data-provider="features" finished-at="2019-07-26T08:38:34Z">
          <params>
            <param index="0">
              <value>
                <![CDATA[Free CRM Login Feature]]>
              </value>
            </param>
          </params>
          <reporter-output>
          </reporter-output>
        </test-method> <!-- feature -->
        <test-method status="PASS" signature="tearDownClass()[pri:0, instance:runner.TestRunner@77b52d12]" name="tearDownClass" is-config="true" duration-ms="10" started-at="2019-07-26T08:38:34Z" finished-at="2019-07-26T08:38:34Z">
          <reporter-output>
          </reporter-output>
        </test-method> <!-- tearDownClass -->
      </class> <!-- runner.TestRunner -->
    </test> <!-- Test -->
  </suite> <!-- Suite -->
</testng-results>
