<?xml version="1.0" encoding="UTF-8"?>
<testsuite xmlns:xsi="http://www.w3.org/2001/XMLSchema-instance" xsi:noNamespaceSchemaLocation="https://maven.apache.org/surefire/maven-surefire-plugin/xsd/surefire-test-report.xsd" name="TestSuite" time="20.978" tests="1" errors="0" skipped="0" failures="1">
  <properties>
[...]
</properties>
  <testcase name="feature" classname="runner.TestRunner" time="20.14">
    <failure message="java.lang.AssertionError: expected [Free CRM software in the cloud for sales and service] but found [Free CRM in the cloud software boosts sales]" type="cucumber.runtime.CucumberException">cucumber.runtime.CucumberException: java.lang.AssertionError: expected [Free CRM software in the cloud for sales and service] but found [Free CRM in the cloud software boosts sales]
	at runner.TestRunner.feature(TestRunner.java:31)
Caused by: java.lang.AssertionError: expected [Free CRM software in the cloud for sales and service] but found [Free CRM in the cloud software boosts sales]
</failure>
    <system-out><![CDATA[@tst
Feature: Free CRM Login Feature

  Scenario Outline: Free Login Test Scenario       &amp#27;[90m# login.feature:4&amp#27;[0m
    &amp#27;[36mGiven &amp#27;[0m&amp#27;[36muser is on Login Page&amp#27;[0m
    &amp#27;[36mWhen &amp#27;[0m&amp#27;[36mtitle of login page is Free CRM&amp#27;[0m
    &amp#27;[36mThen &amp#27;[0m&amp#27;[36muser enters "<username>" and "<password>"&amp#27;[0m
    &amp#27;[36mThen &amp#27;[0m&amp#27;[36muser clicks on login button&amp#27;[0m
    &amp#27;[36mThen &amp#27;[0m&amp#27;[36muser is on home page&amp#27;[0m
    &amp#27;[36mThen &amp#27;[0m&amp#27;[36mClose the browser&amp#27;[0m

    Examples: 
Free CRM software in the cloud for sales and service

  @tst
  Scenario Outline: Free Login Test Scenario  &amp#27;[90m# login.feature:15&amp#27;[0m
    &amp#27;[32mGiven &amp#27;[0m&amp#27;[32muser is on Login Page&amp#27;[0m               &amp#27;[90m# LoginStepDefinition.user_already_on_login_page()&amp#27;[0m
    &amp#27;[31mWhen &amp#27;[0m&amp#27;[31mtitle of login page is Free CRM&amp#27;[0m      &amp#27;[90m# LoginStepDefinition.title_of_login_page_is_free_CRM()&amp#27;[0m
      &amp#27;[31mjava.lang.AssertionError: expected [Free CRM software in the cloud for sales and service] but found [Free CRM in the cloud software boosts sales]
      	at org.testng.Assert.fail(Assert.java:94)
      	at org.testng.Assert.failNotEquals(Assert.java:494)
      	at org.testng.Assert.assertEquals(Assert.java:123)
      	at org.testng.Assert.assertEquals(Assert.java:176)
      	at org.testng.Assert.assertEquals(Assert.java:186)
      	at stepDefinitions.LoginStepDefinition.title_of_login_page_is_free_CRM(LoginStepDefinition.java:32)
      	at ?.When title of login page is Free CRM(login.feature:7)
      &amp#27;[0m
    &amp#27;[36mThen &amp#27;[0m&amp#27;[36muser enters "&amp#27;[0m&amp#27;[36m&amp#27;[1mnaveenk&amp#27;[0m&amp#27;[36m" and "&amp#27;[0m&amp#27;[36m&amp#27;[1mtest@123&amp#27;[0m&amp#27;[36m"&amp#27;[0m &amp#27;[90m# LoginStepDefinition.user_enters_username_and_password(String,String)&amp#27;[0m
    &amp#27;[36mThen &amp#27;[0m&amp#27;[36muser clicks on login button&amp#27;[0m          &amp#27;[90m# LoginStepDefinition.user_clicks_on_login_button()&amp#27;[0m
    &amp#27;[36mThen &amp#27;[0m&amp#27;[36muser is on home page&amp#27;[0m                 &amp#27;[90m# LoginStepDefinition.user_is_on_hopme_page()&amp#27;[0m
    &amp#27;[36mThen &amp#27;[0m&amp#27;[36mClose the browser&amp#27;[0m                    &amp#27;[90m# LoginStepDefinition.close_the_browser()&amp#27;[0m
]]></system-out>
    <system-err><![CDATA[Starting ChromeDriver 2.46.628402 (536cd7adbad73a3783fdc2cab92ab2ba7ec361e1) on port 7926
Only local connections are allowed.
Please protect ports used by ChromeDriver and related test frameworks to prevent access by malicious code.
[1552715569.733][WARNING]: Timed out connecting to Chrome, retrying...
Mar 16, 2019 11:22:51 AM org.openqa.selenium.remote.ProtocolHandshake createSession
INFO: Detected dialect: OSS
]]></system-err>
  </testcase>
</testsuite>