<?xml version="1.0" encoding="UTF-8"?>
<testng-results skipped="0" failed="0" total="1" passed="1">
  <reporter-output>
  </reporter-output>
  <suite name="Default suite" duration-ms="1026" started-at="2019-07-06T18:38:53Z" finished-at="2019-07-06T18:38:54Z">
    <groups>
    </groups>
    <test name="Default test" duration-ms="1026" started-at="2019-07-06T18:38:53Z" finished-at="2019-07-06T18:38:54Z">
      <class name="Common.extentReport">
        <test-method status="PASS" signature="loginTest()[pri:0, instance:Common.extentReport@3ab39c39]" name="loginTest" duration-ms="1013" started-at="2019-07-07T00:08:53Z" finished-at="2019-07-07T00:08:54Z">
          <reporter-output>
          </reporter-output>
        </test-method> <!-- loginTest -->
      </class> <!-- Common.extentReport -->
    </test> <!-- Default test -->
  </suite> <!-- Default suite -->
</testng-results>
